Determining if the pthread_create exist failed with the following output:
Change Dir: /home/justin/ros_catkin_ws/src/rqt_offloading_controls/CMakeFiles/CMakeTmp

Run Build Command:/usr/bin/make "cmTryCompileExec440178136/fast"
/usr/bin/make -f CMakeFiles/cmTryCompileExec440178136.dir/build.make CMakeFiles/cmTryCompileExec440178136.dir/build
make[1]: Entering directory `/home/justin/ros_catkin_ws/src/rqt_offloading_controls/CMakeFiles/CMakeTmp'
/usr/bin/cmake -E cmake_progress_report /home/justin/ros_catkin_ws/src/rqt_offloading_controls/CMakeFiles/CMakeTmp/CMakeFiles 1
Building C object CMakeFiles/cmTryCompileExec440178136.dir/CheckSymbolExists.c.o
/usr/bin/cc    -o CMakeFiles/cmTryCompileExec440178136.dir/CheckSymbolExists.c.o   -c /home/justin/ros_catkin_ws/src/rqt_offloading_controls/CMakeFiles/CMakeTmp/CheckSymbolExists.c
Linking C executable cmTryCompileExec440178136
/usr/bin/cmake -E cmake_link_script CMakeFiles/cmTryCompileExec440178136.dir/link.txt --verbose=1
/usr/bin/cc       CMakeFiles/cmTryCompileExec440178136.dir/CheckSymbolExists.c.o  -o cmTryCompileExec440178136 -rdynamic 
CMakeFiles/cmTryCompileExec440178136.dir/CheckSymbolExists.c.o: In function `main':
CheckSymbolExists.c:(.text+0x16): undefined reference to `pthread_create'
make[1]: Leaving directory `/home/justin/ros_catkin_ws/src/rqt_offloading_controls/CMakeFiles/CMakeTmp'
collect2: error: ld returned 1 exit status
make[1]: *** [cmTryCompileExec440178136] Error 1
make: *** [cmTryCompileExec440178136/fast] Error 2

File /home/justin/ros_catkin_ws/src/rqt_offloading_controls/CMakeFiles/CMakeTmp/CheckSymbolExists.c:
/* */
#include <pthread.h>

int main(int argc, char** argv)
{
  (void)argv;
#ifndef pthread_create
  return ((int*)(&pthread_create))[argc];
#else
  (void)argc;
  return 0;
#endif
}

Determining if the function pthread_create exists in the pthreads failed with the following output:
Change Dir: /home/justin/ros_catkin_ws/src/rqt_offloading_controls/CMakeFiles/CMakeTmp

Run Build Command:/usr/bin/make "cmTryCompileExec4002718575/fast"
/usr/bin/make -f CMakeFiles/cmTryCompileExec4002718575.dir/build.make CMakeFiles/cmTryCompileExec4002718575.dir/build
make[1]: Entering directory `/home/justin/ros_catkin_ws/src/rqt_offloading_controls/CMakeFiles/CMakeTmp'
/usr/bin/cmake -E cmake_progress_report /home/justin/ros_catkin_ws/src/rqt_offloading_controls/CMakeFiles/CMakeTmp/CMakeFiles 1
Building C object CMakeFiles/cmTryCompileExec4002718575.dir/CheckFunctionExists.c.o
/usr/bin/cc   -DCHECK_FUNCTION_EXISTS=pthread_create   -o CMakeFiles/cmTryCompileExec4002718575.dir/CheckFunctionExists.c.o   -c /usr/share/cmake-2.8/Modules/CheckFunctionExists.c
Linking C executable cmTryCompileExec4002718575
/usr/bin/cmake -E cmake_link_script CMakeFiles/cmTryCompileExec4002718575.dir/link.txt --verbose=1
/usr/bin/cc   -DCHECK_FUNCTION_EXISTS=pthread_create    CMakeFiles/cmTryCompileExec4002718575.dir/CheckFunctionExists.c.o  -o cmTryCompileExec4002718575 -rdynamic -lpthreads 
/usr/bin/ld: cannot find -lpthreads
make[1]: Leaving directory `/home/justin/ros_catkin_ws/src/rqt_offloading_controls/CMakeFiles/CMakeTmp'
collect2: error: ld returned 1 exit status
make[1]: *** [cmTryCompileExec4002718575] Error 1
make: *** [cmTryCompileExec4002718575/fast] Error 2


